<?xml version="1.0" encoding="UTF-8"?>
<!-- Generated by org.testng.reporters.JUnitReportReporter -->
<testsuite hostname="DESKTOP-1G5B9T4" failures="0" tests="1" name="test.TestClass" time="4.397" errors="0" timestamp="2021-12-19T05:34:52 PST" skipped="0">
  <testcase classname="test.TestClass" name="T1" time="4.397"/>
  <system-out/>
</testsuite> <!-- test.TestClass -->
