<?xml version="1.0" encoding="UTF-8"?>
<!-- Generated by org.testng.reporters.JUnitReportReporter -->
<testsuite skipped="0" hostname="DESKTOP-1G5B9T4" name="test.t2" tests="1" failures="0" timestamp="2022-01-02T15:01:09 IST" time="0.002" errors="0">
  <testcase name="dwdwdw" time="0.002" classname="test.t2"/>
  <system-out/>
</testsuite> <!-- test.t2 -->
