<?xml version="1.0" encoding="UTF-8"?>
<!-- Generated by org.testng.reporters.JUnitReportReporter -->
<testsuite skipped="0" hostname="DESKTOP-1G5B9T4" name="test.TestClass" tests="2" failures="0" timestamp="2021-12-26T14:32:48 IST" time="0.000" errors="0">
  <testcase name="T1" time="0.000" classname="test.TestClass"/>
  <system-out/>
  <testcase name="T2" time="0.000" classname="test.TestClass"/>
  <system-out/>
</testsuite> <!-- test.TestClass -->
